<?xml version="1.0" encoding="UTF-8"?>
<!-- Generated by org.testng.reporters.JUnitReportReporter -->
<testsuite hostname="Q10418" name="com.StockAccounting.PageObjectModel.Stock_Accounting_Execution_POM" tests="1" failures="0" timestamp="14 Jul 2016 09:04:45 GMT" time="44.694" errors="0">
  <testcase name="PageObjectModel_Execution" time="44.694" classname="com.StockAccounting.PageObjectModel.Stock_Accounting_Execution_POM"/>
</testsuite> <!-- com.StockAccounting.PageObjectModel.Stock_Accounting_Execution_POM -->
