<?xml version="1.0" encoding="UTF-8"?>
<!-- Generated by org.testng.reporters.JUnitReportReporter -->
<testsuite hostname="Q10418" name="com.StockAccounting.PageObjectModel.POM_Test" tests="1" failures="0" timestamp="15 Jul 2016 09:29:26 GMT" time="26.257" errors="0">
  <testcase name="PageObjectModel_Execution" time="26.257" classname="com.StockAccounting.PageObjectModel.POM_Test"/>
</testsuite> <!-- com.StockAccounting.PageObjectModel.POM_Test -->
