<?xml version="1.0" encoding="UTF-8"?>
<!-- Generated by org.testng.reporters.JUnitReportReporter -->
<testsuite hostname="Q10418" name="com.StockAccounting.TestNG_Programs.Stock_Accounting_Test_Cases" tests="4" failures="0" timestamp="12 Jul 2016 11:09:47 GMT" time="57.719" errors="0">
  <testcase name="UOM" time="15.065" classname="com.StockAccounting.TestNG_Programs.Stock_Accounting_Test_Cases"/>
  <testcase name="StockAccounting" time="15.365" classname="com.StockAccounting.TestNG_Programs.Stock_Accounting_Test_Cases"/>
  <testcase name="UOM" time="12.720" classname="com.StockAccounting.TestNG_Programs.Stock_Accounting_Test_Cases"/>
  <testcase name="UOM" time="14.569" classname="com.StockAccounting.TestNG_Programs.Stock_Accounting_Test_Cases"/>
</testsuite> <!-- com.StockAccounting.TestNG_Programs.Stock_Accounting_Test_Cases -->
